Started GET "/" for ::1 at 2019-11-26 09:34:43 +0700
Processing by Rails::WelcomeController#index as HTML
  Rendering /home/htrung1303/.rvm/gems/ruby-2.6.3/gems/railties-5.1.7/lib/rails/templates/rails/welcome/index.html.erb
  Rendered /home/htrung1303/.rvm/gems/ruby-2.6.3/gems/railties-5.1.7/lib/rails/templates/rails/welcome/index.html.erb (2.2ms)
Completed 200 OK in 119ms (Views: 5.2ms)


Started GET "/application" for ::1 at 2019-11-26 09:34:57 +0700
  
ActionController::RoutingError (No route matches [GET] "/application"):
  
actionpack (5.1.7) lib/action_dispatch/middleware/debug_exceptions.rb:63:in `call'
web-console (3.7.0) lib/web_console/middleware.rb:135:in `call_app'
web-console (3.7.0) lib/web_console/middleware.rb:30:in `block in call'
web-console (3.7.0) lib/web_console/middleware.rb:20:in `catch'
web-console (3.7.0) lib/web_console/middleware.rb:20:in `call'
actionpack (5.1.7) lib/action_dispatch/middleware/show_exceptions.rb:31:in `call'
railties (5.1.7) lib/rails/rack/logger.rb:36:in `call_app'
railties (5.1.7) lib/rails/rack/logger.rb:24:in `block in call'
activesupport (5.1.7) lib/active_support/tagged_logging.rb:69:in `block in tagged'
activesupport (5.1.7) lib/active_support/tagged_logging.rb:26:in `tagged'
activesupport (5.1.7) lib/active_support/tagged_logging.rb:69:in `tagged'
railties (5.1.7) lib/rails/rack/logger.rb:24:in `call'
sprockets-rails (3.2.1) lib/sprockets/rails/quiet_assets.rb:13:in `call'
actionpack (5.1.7) lib/action_dispatch/middleware/remote_ip.rb:79:in `call'
actionpack (5.1.7) lib/action_dispatch/middleware/request_id.rb:25:in `call'
rack (2.0.7) lib/rack/method_override.rb:22:in `call'
rack (2.0.7) lib/rack/runtime.rb:22:in `call'
activesupport (5.1.7) lib/active_support/cache/strategy/local_cache_middleware.rb:27:in `call'
actionpack (5.1.7) lib/action_dispatch/middleware/executor.rb:12:in `call'
actionpack (5.1.7) lib/action_dispatch/middleware/static.rb:125:in `call'
rack (2.0.7) lib/rack/sendfile.rb:111:in `call'
railties (5.1.7) lib/rails/engine.rb:522:in `call'
puma (3.12.1) lib/puma/configuration.rb:227:in `call'
puma (3.12.1) lib/puma/server.rb:660:in `handle_request'
puma (3.12.1) lib/puma/server.rb:474:in `process_client'
puma (3.12.1) lib/puma/server.rb:334:in `block in run'
puma (3.12.1) lib/puma/thread_pool.rb:135:in `block in spawn_thread'
Started GET "/" for ::1 at 2019-11-26 09:35:13 +0700
Processing by Rails::WelcomeController#index as HTML
  Rendering /home/htrung1303/.rvm/gems/ruby-2.6.3/gems/railties-5.1.7/lib/rails/templates/rails/welcome/index.html.erb
  Rendered /home/htrung1303/.rvm/gems/ruby-2.6.3/gems/railties-5.1.7/lib/rails/templates/rails/welcome/index.html.erb (1.4ms)
Completed 200 OK in 3ms (Views: 2.2ms)


Started GET "/" for ::1 at 2019-11-26 09:35:57 +0700
  
ArgumentError (Missing :action key on routes definition, please check your routes.):
  
config/routes.rb:3:in `block (2 levels) in <top (required)>'
config/routes.rb:2:in `block in <top (required)>'
config/routes.rb:1:in `<top (required)>'
Started GET "/" for ::1 at 2019-11-26 09:36:06 +0700
  
ActionController::RoutingError (No route matches [GET] "/"):
  
actionpack (5.1.7) lib/action_dispatch/middleware/debug_exceptions.rb:63:in `call'
web-console (3.7.0) lib/web_console/middleware.rb:135:in `call_app'
web-console (3.7.0) lib/web_console/middleware.rb:30:in `block in call'
web-console (3.7.0) lib/web_console/middleware.rb:20:in `catch'
web-console (3.7.0) lib/web_console/middleware.rb:20:in `call'
actionpack (5.1.7) lib/action_dispatch/middleware/show_exceptions.rb:31:in `call'
railties (5.1.7) lib/rails/rack/logger.rb:36:in `call_app'
railties (5.1.7) lib/rails/rack/logger.rb:24:in `block in call'
activesupport (5.1.7) lib/active_support/tagged_logging.rb:69:in `block in tagged'
activesupport (5.1.7) lib/active_support/tagged_logging.rb:26:in `tagged'
activesupport (5.1.7) lib/active_support/tagged_logging.rb:69:in `tagged'
railties (5.1.7) lib/rails/rack/logger.rb:24:in `call'
sprockets-rails (3.2.1) lib/sprockets/rails/quiet_assets.rb:13:in `call'
actionpack (5.1.7) lib/action_dispatch/middleware/remote_ip.rb:79:in `call'
actionpack (5.1.7) lib/action_dispatch/middleware/request_id.rb:25:in `call'
rack (2.0.7) lib/rack/method_override.rb:22:in `call'
rack (2.0.7) lib/rack/runtime.rb:22:in `call'
activesupport (5.1.7) lib/active_support/cache/strategy/local_cache_middleware.rb:27:in `call'
actionpack (5.1.7) lib/action_dispatch/middleware/executor.rb:12:in `call'
actionpack (5.1.7) lib/action_dispatch/middleware/static.rb:125:in `call'
rack (2.0.7) lib/rack/sendfile.rb:111:in `call'
railties (5.1.7) lib/rails/engine.rb:522:in `call'
puma (3.12.1) lib/puma/configuration.rb:227:in `call'
puma (3.12.1) lib/puma/server.rb:660:in `handle_request'
puma (3.12.1) lib/puma/server.rb:474:in `process_client'
puma (3.12.1) lib/puma/server.rb:334:in `block in run'
puma (3.12.1) lib/puma/thread_pool.rb:135:in `block in spawn_thread'
Started GET "/" for ::1 at 2019-11-26 09:36:12 +0700
  
AbstractController::ActionNotFound (The action 'hello' could not be found for ApplicationController):
  
actionpack (5.1.7) lib/abstract_controller/base.rb:119:in `process'
actionview (5.1.7) lib/action_view/rendering.rb:30:in `process'
actionpack (5.1.7) lib/action_controller/metal.rb:189:in `dispatch'
actionpack (5.1.7) lib/action_controller/metal.rb:253:in `dispatch'
actionpack (5.1.7) lib/action_dispatch/routing/route_set.rb:49:in `dispatch'
actionpack (5.1.7) lib/action_dispatch/routing/route_set.rb:31:in `serve'
actionpack (5.1.7) lib/action_dispatch/journey/router.rb:50:in `block in serve'
actionpack (5.1.7) lib/action_dispatch/journey/router.rb:33:in `each'
actionpack (5.1.7) lib/action_dispatch/journey/router.rb:33:in `serve'
actionpack (5.1.7) lib/action_dispatch/routing/route_set.rb:844:in `call'
rack (2.0.7) lib/rack/etag.rb:25:in `call'
rack (2.0.7) lib/rack/conditional_get.rb:25:in `call'
rack (2.0.7) lib/rack/head.rb:12:in `call'
rack (2.0.7) lib/rack/session/abstract/id.rb:232:in `context'
rack (2.0.7) lib/rack/session/abstract/id.rb:226:in `call'
actionpack (5.1.7) lib/action_dispatch/middleware/cookies.rb:613:in `call'
activerecord (5.1.7) lib/active_record/migration.rb:556:in `call'
actionpack (5.1.7) lib/action_dispatch/middleware/callbacks.rb:26:in `block in call'
activesupport (5.1.7) lib/active_support/callbacks.rb:97:in `run_callbacks'
actionpack (5.1.7) lib/action_dispatch/middleware/callbacks.rb:24:in `call'
actionpack (5.1.7) lib/action_dispatch/middleware/executor.rb:12:in `call'
actionpack (5.1.7) lib/action_dispatch/middleware/debug_exceptions.rb:59:in `call'
web-console (3.7.0) lib/web_console/middleware.rb:135:in `call_app'
web-console (3.7.0) lib/web_console/middleware.rb:30:in `block in call'
web-console (3.7.0) lib/web_console/middleware.rb:20:in `catch'
web-console (3.7.0) lib/web_console/middleware.rb:20:in `call'
actionpack (5.1.7) lib/action_dispatch/middleware/show_exceptions.rb:31:in `call'
railties (5.1.7) lib/rails/rack/logger.rb:36:in `call_app'
railties (5.1.7) lib/rails/rack/logger.rb:24:in `block in call'
activesupport (5.1.7) lib/active_support/tagged_logging.rb:69:in `block in tagged'
activesupport (5.1.7) lib/active_support/tagged_logging.rb:26:in `tagged'
activesupport (5.1.7) lib/active_support/tagged_logging.rb:69:in `tagged'
railties (5.1.7) lib/rails/rack/logger.rb:24:in `call'
sprockets-rails (3.2.1) lib/sprockets/rails/quiet_assets.rb:13:in `call'
actionpack (5.1.7) lib/action_dispatch/middleware/remote_ip.rb:79:in `call'
actionpack (5.1.7) lib/action_dispatch/middleware/request_id.rb:25:in `call'
rack (2.0.7) lib/rack/method_override.rb:22:in `call'
rack (2.0.7) lib/rack/runtime.rb:22:in `call'
activesupport (5.1.7) lib/active_support/cache/strategy/local_cache_middleware.rb:27:in `call'
actionpack (5.1.7) lib/action_dispatch/middleware/executor.rb:12:in `call'
actionpack (5.1.7) lib/action_dispatch/middleware/static.rb:125:in `call'
rack (2.0.7) lib/rack/sendfile.rb:111:in `call'
railties (5.1.7) lib/rails/engine.rb:522:in `call'
puma (3.12.1) lib/puma/configuration.rb:227:in `call'
puma (3.12.1) lib/puma/server.rb:660:in `handle_request'
puma (3.12.1) lib/puma/server.rb:474:in `process_client'
puma (3.12.1) lib/puma/server.rb:334:in `block in run'
puma (3.12.1) lib/puma/thread_pool.rb:135:in `block in spawn_thread'
Started GET "/" for ::1 at 2019-11-26 09:59:53 +0700
Processing by ApplicationController#hello as HTML
  Rendering html template
  Rendered html template (0.0ms)
Completed 200 OK in 72ms (Views: 1.7ms)


Started GET "/" for ::1 at 2019-11-26 10:00:02 +0700
Processing by ApplicationController#hello as HTML
  Rendering html template
  Rendered html template (0.0ms)
Completed 200 OK in 1ms (Views: 0.5ms)


Started GET "/" for ::1 at 2019-11-26 10:00:08 +0700
Processing by ApplicationController#hello as HTML
  Rendering html template
  Rendered html template (0.0ms)
Completed 200 OK in 1ms (Views: 0.7ms)


Started GET "/" for ::1 at 2019-11-26 10:36:34 +0700
Processing by ApplicationController#hello as HTML
  Rendering html template
  Rendered html template (0.0ms)
Completed 200 OK in 77ms (Views: 1.4ms)


